# JRE version: OpenJDK Runtime Environment (17.0.13+11) (build 17.0.13+11-Ubuntu-2ubuntu120.04)
# Java VM: OpenJDK 64-Bit Server VM (17.0.13+11-Ubuntu-2ubuntu120.04, mixed mode, sharing, tiered, compressed oops, compressed class ptrs, g1 gc, linux-amd64)
GC Precious Log:
 CPUs: 12 total, 12 available
 Memory: 15471M
 Large Page Support: Disabled
 NUMA Support: Disabled
 Compressed Oops: Enabled (Zero based)
 Heap Region Size: 2M
 Heap Min Capacity: 8M
 Heap Initial Capacity: 242M
 Heap Max Capacity: 3868M
 Pre-touch: Disabled
 Parallel Workers: 10
 Concurrent Workers: 3
 Concurrent Refinement Workers: 10
 Periodic GC: Disabled
Heap:
 garbage-first heap   total 61440K, used 30997K [0x000000070e400000, 0x0000000800000000)
  region size 2048K, 2 young (4096K), 1 survivors (2048K)
 Metaspace       used 26631K, committed 26880K, reserved 1114112K
  class space    used 4044K, committed 4160K, reserved 1048576K
GC Heap History (10 events):
Event: 0.515 GC heap before
{Heap before GC invocations=0 (full 0):
 garbage-first heap   total 251904K, used 22448K [0x000000070e400000, 0x0000000800000000)
  region size 2048K, 11 young (22528K), 0 survivors (0K)
 Metaspace       used 10100K, committed 10240K, reserved 1114112K
  class space    used 1209K, committed 1280K, reserved 1048576K
}
Event: 0.518 GC heap after
{Heap after GC invocations=1 (full 0):
 garbage-first heap   total 251904K, used 6240K [0x000000070e400000, 0x0000000800000000)
  region size 2048K, 2 young (4096K), 2 survivors (4096K)
 Metaspace       used 10100K, committed 10240K, reserved 1114112K
  class space    used 1209K, committed 1280K, reserved 1048576K
}
Event: 1.334 GC heap before
{Heap before GC invocations=1 (full 0):
 garbage-first heap   total 251904K, used 41056K [0x000000070e400000, 0x0000000800000000)
  region size 2048K, 21 young (43008K), 2 survivors (4096K)
 Metaspace       used 21227K, committed 21504K, reserved 1114112K
  class space    used 3236K, committed 3392K, reserved 1048576K
}
Event: 1.339 GC heap after
{Heap after GC invocations=2 (full 0):
 garbage-first heap   total 251904K, used 12354K [0x000000070e400000, 0x0000000800000000)
  region size 2048K, 3 young (6144K), 3 survivors (6144K)
 Metaspace       used 21227K, committed 21504K, reserved 1114112K
  class space    used 3236K, committed 3392K, reserved 1048576K
}
Event: 6.971 GC heap before
{Heap before GC invocations=3 (full 0):
 garbage-first heap   total 61440K, used 38978K [0x000000070e400000, 0x0000000800000000)
  region size 2048K, 13 young (26624K), 3 survivors (6144K)
 Metaspace       used 25087K, committed 25344K, reserved 1114112K
  class space    used 3791K, committed 3904K, reserved 1048576K
}
Event: 6.974 GC heap after
{Heap after GC invocations=4 (full 0):
 garbage-first heap   total 61440K, used 26799K [0x000000070e400000, 0x0000000800000000)
  region size 2048K, 3 young (6144K), 3 survivors (6144K)
 Metaspace       used 25087K, committed 25344K, reserved 1114112K
  class space    used 3791K, committed 3904K, reserved 1048576K
}
Event: 7.515 GC heap before
{Heap before GC invocations=4 (full 0):
 garbage-first heap   total 61440K, used 28847K [0x000000070e400000, 0x0000000800000000)
  region size 2048K, 4 young (8192K), 3 survivors (6144K)
 Metaspace       used 25237K, committed 25472K, reserved 1114112K
  class space    used 3798K, committed 3904K, reserved 1048576K
}
Event: 7.517 GC heap after
{Heap after GC invocations=5 (full 0):
 garbage-first heap   total 61440K, used 27075K [0x000000070e400000, 0x0000000800000000)
  region size 2048K, 1 young (2048K), 1 survivors (2048K)
 Metaspace       used 25237K, committed 25472K, reserved 1114112K
  class space    used 3798K, committed 3904K, reserved 1048576K
}
Event: 7.665 GC heap before
{Heap before GC invocations=5 (full 0):
 garbage-first heap   total 61440K, used 39363K [0x000000070e400000, 0x0000000800000000)
  region size 2048K, 8 young (16384K), 1 survivors (2048K)
 Metaspace       used 26630K, committed 26880K, reserved 1114112K
  class space    used 4044K, committed 4160K, reserved 1048576K
}
Event: 7.667 GC heap after
{Heap after GC invocations=6 (full 0):
 garbage-first heap   total 61440K, used 30997K [0x000000070e400000, 0x0000000800000000)
  region size 2048K, 1 young (2048K), 1 survivors (2048K)
 Metaspace       used 26630K, committed 26880K, reserved 1114112K
  class space    used 4044K, committed 4160K, reserved 1048576K
}

